#codedwithlove.gif
01 Boxplot Show Me.twbx
010_java_control_flow_and_basic_operators_and_arrays.docx
020_Basics_of_Computers_Data_Communication.pdf
040_java_code_examples_oop.docx
040_TCPIP_Model_and_Internet_Communications_Deep_Dive.pdf
050_java_code_examples_serialization1.docx
15 - Sephora Direct.pdf
18 - Capital One (Big Fast Data).pdf
1996_2000_Table2.xlsx
2 - Strategy and Information.pdf
2.12_2016 Integris Meeting Agenda.docx
2011_2014_Table1.xlsx
2013 fair_spreadsheet.xls
2015ValueLightingCatalog.pdf
2016-Guys-Appreciation-Menu-Ideas.docx
373_Python_Lab.pdf
4213WH-ES.pdf
506_FinReview.2015.pdf
602 (1).pdf
602.pdf
7001 Indio Tile RFQ - TileBar.xlsx
7LS_3315.jpg
7z1512-x64.exe*
8506 Trim.pdf
8527 Series.pdf
886998.pdf
8978 Series.pdf
98860SW-787.pdf
AccessDatabaseEngine.exe*
ae06b0b08489-subscription_report_script/
ae06b0b08489-subscription_report_script.zip
afreecatvstreamer_installer.exe*
Air France Temp.xlsx
AnnualReview_2012_Public_1_Intro_20140113_Final.xls
apache-ant-1.9.6-bin/
AppData.xlsx
Assignment 2.docx
Assignment 3.docx
Assignment 4 (1).docx
Assignment 4 (2).docx
Assignment 4.docx
avast_free_antivirus_setup_online.exe*
bank (1).zip
Britelight- RFQ-6998 (1).xls
Britelight- RFQ6998 - Oval Ceiling Light.xls
Britelight- RFQ-6998.xls
bts22_15_1.xlsx
BugSweeper.zip
Calculating Ratio with Conditional Dimension.docx
Case - App Analytics (1).pdf
Case - App Analytics.pdf
Catherine Tu Internship Offer (1).pdf
Catherine Tu Internship Offer.pdf
Catherine Tu UHC ID.html
Catherine's insurance ID.pdf
CatherineTuPartyInvites.azurewebsites.net.PublishSettings
cct667HW5.azurewebsites.net.PublishSettings
CFL Family Product Bulletin.pdf
Ch 10.pptx
Ch 12.pptx
Ch 13.pptx
Ch 14.pptx
Ch 15.pptx
Ch 16.pptx
Ch 5_CB.pptx
Ch 6.pptx
Ch 7.pptx
Ch 8.pptx
ch04_ex1_Product.zip
ch05.zip
ch11_ex1_Product_sol/
ch11_ex1_Product_sol.zip
Chapter 13 Investor Behavior and Capital Market Efficiency v2.ppt
chemcore_images(drop-in).zip
chemcore_specification-sheets(ada).zip
chemcore_specification-sheets(chinashell).zip
Chihiro @ Elysium IMG_1769A.jpg
Class 02 - How the Web Works.pptx
Cloud.pptx
cloudera-quickstart-vm-5.5.0-0-virtualbox.zip
Computer_Telephony_Integration.pdf
Copy of Quote 6982_Jefferon Riverside_Cost_12-9-2015 (Standard) Changes from Dallas.xls
Count of Customers (1).twbx
Count of Customers.twbx
CreativeCloudSet-Up.exe*
Data_Elements_Financial.aspx
DataDownload.xls
DataDownload.xlsx
December-2015_IR-8-Quarter-Trend-Excel-Final.xlsm
desktop.ini
dist/
DunkinDonuts_tweets.csv
DV_FinalProject-master (1).zip
DV_FinalProject-master (2).zip
DV_FinalProject-master.zip
DV_TProject1-b7a55ea26498f6fb63a357a38fd97bbbe4a3d2a0.zip
DV_TProject1-master.zip
EFDemo1100 (1).zip
EFDemo1100.zip
elc_aqua_eng.jpg
Employee Phone List.xls
en_sql_server_2014_management_studio_with_service_pack_1_x86_6673935/
en_sql_server_2014_management_studio_with_service_pack_1_x86_6673935.exe*
endnote.enl
Entity Framework Intro.docx
ex1infos2016com.doc
F15Team23Project-master/
F15Team23Project-master (1).zip
F15Team23Project-master.zip
Fairhaven.zip
Fall 2015 MIS 333K Syllabus.pdf
Fall 2015 MIS 333K System Project v2.0 (1).docx
Fall 2015 MIS 333K System Project v2.0 (2).docx
Fall 2015 MIS 333K System Project v2.0.docx
Fall_2015_MIS_333K_System_Project_v2.0.docx
FareReportMetaData.xlsx
-files-463-463f4247b621bf73cd7a5dd054c4e8a9 (1).docx
-files-463-463f4247b621bf73cd7a5dd054c4e8a9.docx
FIN 357 - Duvic%2C 03685.pdf
FIN 357 - Miller%2C 03675%2C 03690%2C 03695.pdf
FIN 357 - Poloskey%2C 03700%2C 03715.pdf
Final Paper.docx
FINDING FINISH SCHEDUELS INSTRUCTIONS.docx
Genius Nochang - MY NEW INSTAGRAM  MESURECHIFFON [kpopexplorer.net].rar
Git-2.7.2-64-bit.exe*
GradeScript.docx
GST.xlsx
hadoop.zip
HadoopLoadInstructionsforVirtualBox.pdf
Hengsheng.xlsx
Home Prices Case-Data.xlsx
Homework 2 C# Cheat Sheet Solution.docx
HW-2 (1) (1).pdf
ideaIU-15.0.3.exe*
image001.png
image002.png
Integris Meeting 2_12_16.pptx
j_Understanding_Hadoop_Clusters_and_the_Network-slides_and_text_bradhedlund_com.pdf
jdk-8u71-windows-x64.exe*
KEL321-XLS-ENG.xls
KoreanSkitDraft (1).docx
KoreanSkitDraft.docx
Lab 07 [Subnetting, XML] Files.zip
Lab Deliverable File.docx
Lab Instructions [Command Line Network].docx
Lab Instructions [Installing_Oracle_Virtual_Box_On_A_PC]_v2 (1).docx
Lab Instructions [Installing_Oracle_Virtual_Box_On_A_PC]_v2.docx
Lab Instructions [Installing_Ubuntu_Linux_On_Oracle_Virtual_Box] .docx
Lab Instructions [Installing_Windows_Server_2003_VM_On_Oracle_Virtual_Box]_v2.docx
Lab Instructions [Java Classes].pdf
Lab Instructions [Linux].docx
Lab Instructions [PHP, MySQL] (1).docx
Lab Instructions [PHP, MySQL].docx
Lab Instructions [Twilio]-1.pdf
Lab_Java_instructions (1).docx
Lab_Java_instructions.docx
LabInstructions[Hadoop].pdf
LBL Track Head Options (1).PNG
LBL Track Head Options.PNG
lib-airmedia3_.172.17.107.11.exe*
ListComprehension.zip
Marketing Analysis of the Volkswagen Scandal (1).docx
Marketing Analysis of the Volkswagen Scandal.docx
mentions.py
merged_document.pdf
MFS20_118_ENG.exe*
Midterm Exam.docx
MIS 333K - %28Gray%29 (1).pdf
MIS 333K - %28Gray%29.pdf
MIS 333K Assignment 3 - Advanced C#-1 (1).docx
MIS 333K Assignment 3 - Advanced C#-1.docx
MIS 333K HW 5.docx
MIS 333K Potential Exam Questions.xlsx
MIS 373.24 - %28Rock%29.pdf
MIS_333K_Homework3.exe*
MIS333K_HW3_Starter.zip
MIS375 - Stratgic IT Management (RG) - 2016.pdf
MKT 337 Paper FINAL.docx
MKT 337 Presentation FINAL.pptx
MKT_337_FALL  2015 (1).pdf
MKT_337_FALL  2015 (2).pdf
MKT_337_FALL  2015.pdf
MKT337_Peer-Evaluation-Form.docx
MusicBeeSetup_2_5_update1.zip
my_timeline.py
Office Visit Schedule - Catherine Tu (1).pdf
Office Visit Schedule - Catherine Tu.pdf
p1493453572-6.jpg
P501 - MEP Plan Plumbing Schedule.pdf
PhotographyAppData - Updated.xlsx
Pink_Sheet_TV_And_BankAccount_Class_Coding_Exercise (1).pdf
Pink_Sheet_TV_And_BankAccount_Class_Coding_Exercise.pdf
PLProject3-master.zip
ply-3.8.tar/
ply-3.8.tar.gz
Portrait_Chia-Lin_Catherine_Tu.jpg
PRACTICE EXAMS.docx
Project 2/
Project 2.zip
project_04-1_Customer (1).zip
project_04-1_Customer.zip
Project-Guidelines_Fall15.pdf
Proposal 00224024 for Encore Evans Station - 2016-02-24T114735.pdf
putty.exe*
python-2.7.11.msi
python-3.5.0.exe*
python-3.5.1.exe*
Q3_cct667-1.pdf
Quote 6778_Preston Hollow Plumbing_Cost_3-29-2016.xls
Quote 6778_Preston Hollow Plumbing_Submittal Package (Plumbing)_3-29-16.pptx
Quote 6836_Gateway Phase III_Cost_2-24-16.xls
Quote 6836_Gateway Phase III_Lighting_Submittal Notes_2-19-16.xls
Quote 6902_Twin Creeks_Submittal Package (Lighting)_2-17-16.pptx
Quote 6969_Amesbury Phase II (Lighting)_Cost_1-6-16.xls
Quote 6981_Stonebriar_Submittal Package (Lighting)_1-18-16.pptx
Quote 6982_Jefferon Riverside_CustomerLetter_12-14-2015.pdf
Quote 6982_Jefferson Riverside_Submittal Package (Lighting)_1-5-16 Table of Contents.pptx
Quote 6982_Jefferson Riverside_Submittal Package (Lighting)_1-7-16 (1).pptx
Quote 6982_Jefferson Riverside_Submittal Package (Lighting)_1-7-16.pptx
Quote 6982_JeffersonStonebirar_Submittal Package (Lighting)_02-18-16.pptx
quote_1388880.pdf
Resume_Chia-Lin_Catherine_Tu (1).pdf
Resume_Chia-Lin_Catherine_Tu.pdf
RFQ6998 - Home Depot.xlsx
Safari Books Pregrading.doc
SafariBooksData (1).xlsx
SafariBooksData (2).xlsx
SafariBooksData.xlsx
safaribookstore.PublishSettings
Sample_Case_Writeup.pdf
Sephora Direct_cct667.docx
Sephora Individual Case Analysis.docx
silberne-1-light-pendant-in-natural-brass-nbr-4373.pdf
Simulation Handout.doc
sourcetree.license
Spec sheet for 23218 series.xls
specsheet (1).pdf
specsheet.pdf
SpotifySetup.exe*
STA371 Assignment 3 FINAL.docx
Sublime Text 2.0.2a x64 Setup.exe*
Supplier Specs.zip
Sustainability and Future Development Options of ITC_Catherine Tu.pdf
Sykes - Regression Analysis (1).pdf
Syllabus-2015.docx
tableau9.1-oracle-driver-x64.msi
TableauDesktop-64bit.msi
TeamEvaluationForm.docx
Texaco Lighting Spec Book.pdf
Thanksgiving recipe1.pdf
Things To Do For A Successful Start In MIS 373 Rock (1).pdf
Things To Do For A Successful Start In MIS 373 Rock.pdf
Thumbs.db
tweepy-master.zip
VirtualBox-4.2.0-80737-Win.exe*
VMware-player-12.1.0-3272444.exe*
Volkswagen Slides MKT 337.pptx
WeeklyStatusReport.docx
Xamarin Android Player x32.exe*
Xamarin Android Player x64.exe*
XamarinInstaller.exe*
xampp-win32-1.7.7-VC9-installer.exe*
XAP-Beta-15.40-v0.6.2-amd64.exe*
Yatsheng 2-14-16.xlsx
???? - ??????.rar